<?xml version="1.0" encoding="UTF-8"?>
<!-- Generated by org.testng.reporters.JUnitReportReporter -->
<testsuite hostname="Narottam_Kumar" failures="0" tests="2" name="com.qa.crm.testcase.loginPageTestCase" time="34.867" errors="0" timestamp="2023-10-17T01:56:48 IST" skipped="0">
  <testcase classname="com.qa.crm.testcase.loginPageTestCase" name="verifyPageTitle" time="20.471"/>
  <system-out/>
  <testcase classname="com.qa.crm.testcase.loginPageTestCase" name="verifyLogin" time="14.396"/>
  <system-out/>
</testsuite> <!-- com.qa.crm.testcase.loginPageTestCase -->
