<?xml version="1.0" encoding="UTF-8"?>
<!-- Generated by org.testng.reporters.JUnitReportReporter -->
<testsuite hostname="Narottam_Kumar" failures="0" tests="3" name="com.qa.crm.Util.extentReport" time="3.298" errors="0" timestamp="2023-09-08T22:49:07 IST" skipped="0">
  <testcase classname="com.qa.crm.Util.extentReport" name="checkImage" time="0.198"/>
  <system-out/>
  <testcase classname="com.qa.crm.Util.extentReport" name="checkUsernameFieldValidation" time="3.079"/>
  <system-out/>
  <testcase classname="com.qa.crm.Util.extentReport" name="checktitle" time="0.021"/>
  <system-out/>
</testsuite> <!-- com.qa.crm.Util.extentReport -->
