<?xml version="1.0" encoding="UTF-8"?>
<!-- Generated by org.testng.reporters.JUnitReportReporter -->
<testsuite hostname="Narottam_Kumar" failures="0" tests="5" name="com.qa.crm.testcase.companyTestCase" time="102.421" errors="0" timestamp="2023-09-07T22:20:04 IST" skipped="0">
  <testcase classname="com.qa.crm.testcase.companyTestCase" name="checkPageName" time="15.797"/>
  <system-out/>
  <testcase classname="com.qa.crm.testcase.companyTestCase" name="verifyClickCreateButton" time="16.908"/>
  <system-out/>
  <testcase classname="com.qa.crm.testcase.companyTestCase" name="verifyCreateNewCompany" time="22.832"/>
  <system-out/>
  <testcase classname="com.qa.crm.testcase.companyTestCase" name="verifyCreateNewCompany" time="22.967"/>
  <system-out/>
  <testcase classname="com.qa.crm.testcase.companyTestCase" name="verifyCreateNewCompany" time="23.917"/>
  <system-out/>
</testsuite> <!-- com.qa.crm.testcase.companyTestCase -->
