<?xml version="1.0" encoding="UTF-8"?>
<!-- Generated by org.testng.reporters.JUnitReportReporter -->
<testsuite hostname="Narottam_Kumar" failures="0" tests="3" name="com.qa.crm.testcase.dashboardTestCase" time="44.530" errors="0" timestamp="2023-09-07T22:20:04 IST" skipped="0">
  <testcase classname="com.qa.crm.testcase.dashboardTestCase" name="verifyUserName" time="12.489"/>
  <system-out/>
  <testcase classname="com.qa.crm.testcase.dashboardTestCase" name="verifyHomePage" time="15.824"/>
  <system-out/>
  <testcase classname="com.qa.crm.testcase.dashboardTestCase" name="verifyCompanyPageMove" time="16.217"/>
  <system-out/>
</testsuite> <!-- com.qa.crm.testcase.dashboardTestCase -->
