<?xml version="1.0" encoding="UTF-8"?>
<!-- Generated by org.testng.reporters.JUnitReportReporter -->
<testsuite hostname="Narottam_Kumar" failures="0" tests="2" name="com.qa.crm.testcase.contactTestCase" time="37.505" errors="0" timestamp="2023-09-07T22:20:04 IST" skipped="0">
  <testcase classname="com.qa.crm.testcase.contactTestCase" name="verifyContactPageName" time="17.820"/>
  <system-out/>
  <testcase classname="com.qa.crm.testcase.contactTestCase" name="verifyCreateContact" time="19.685"/>
  <system-out/>
</testsuite> <!-- com.qa.crm.testcase.contactTestCase -->
