<?xml version="1.0" encoding="UTF-8"?>
<!-- Generated by org.testng.reporters.JUnitReportReporter -->
<testsuite hostname="Narottam_Kumar" failures="0" tests="4" name="Selenium_Script.DataDrivenFrameWork_Script" time="0.896" errors="0" timestamp="2023-09-05T18:14:05 IST" skipped="0">
  <testcase classname="Selenium_Script.DataDrivenFrameWork_Script" name="VerifyCreateAccount" time="0.123"/>
  <system-out/>
  <testcase classname="Selenium_Script.DataDrivenFrameWork_Script" name="VerifyCreateAccount" time="0.345"/>
  <system-out/>
  <testcase classname="Selenium_Script.DataDrivenFrameWork_Script" name="VerifyCreateAccount" time="0.269"/>
  <system-out/>
  <testcase classname="Selenium_Script.DataDrivenFrameWork_Script" name="VerifyCreateAccount" time="0.159"/>
  <system-out/>
</testsuite> <!-- Selenium_Script.DataDrivenFrameWork_Script -->
