<?xml version="1.0" encoding="UTF-8"?>
<!-- Generated by org.testng.reporters.JUnitReportReporter -->
<testsuite hostname="Narottam_Kumar" failures="0" tests="1" name="Selenium_Script.TestNg1_srcipt" time="0.007" errors="0" timestamp="2023-06-24T18:44:08 IST" skipped="0">
  <testcase classname="Selenium_Script.TestNg1_srcipt" name="show" time="0.007"/>
  <system-out/>
</testsuite> <!-- Selenium_Script.TestNg1_srcipt -->
