<?xml version="1.0" encoding="UTF-8"?>
<!-- Generated by org.testng.reporters.JUnitReportReporter -->
<testsuite hostname="Narottam_Kumar" failures="0" tests="1" name="Selenium_Script.TestNG_Script" time="0.024" errors="0" timestamp="2023-06-25T23:16:14 IST" skipped="0">
  <testcase classname="Selenium_Script.TestNG_Script" name="GetTitle" time="0.024"/>
  <system-out/>
</testsuite> <!-- Selenium_Script.TestNG_Script -->
