<?xml version="1.0" encoding="UTF-8"?>
<!-- Generated by org.testng.reporters.JUnitReportReporter -->
<testsuite hostname="Narottam_Kumar" failures="0" tests="2" name="Selenium_Script.TestNG_Recap_Script" time="0.015" errors="0" timestamp="2023-07-22T23:40:57 IST" skipped="1">
  <testcase classname="Selenium_Script.TestNG_Recap_Script" name="NewMail" time="0.015"/>
  <system-out/>
  <testcase classname="Selenium_Script.TestNG_Recap_Script" name="SentMail">
    <skipped/>
  </testcase> <!-- SentMail -->
  <system-out/>
</testsuite> <!-- Selenium_Script.TestNG_Recap_Script -->
