<?xml version="1.0" encoding="UTF-8"?>
<!-- Generated by org.testng.reporters.JUnitReportReporter -->
<testsuite hostname="Narottam_Kumar" failures="0" tests="1" name="Selenium_Script.Fileupload_Script" time="14.265" errors="0" timestamp="2023-10-01T21:19:04 IST" skipped="0">
  <testcase classname="Selenium_Script.Fileupload_Script" name="file1" time="14.265"/>
  <system-out/>
</testsuite> <!-- Selenium_Script.Fileupload_Script -->
