<?xml version="1.0" encoding="UTF-8"?>
<!-- Generated by org.testng.reporters.JUnitReportReporter -->
<testsuite hostname="Narottam_Kumar" failures="0" tests="3" name="Selenium_Script.TestNG_Group2" time="0.008" errors="0" timestamp="2023-07-23T22:25:50 IST" skipped="0">
  <testcase classname="Selenium_Script.TestNG_Group2" name="SignUp" time="0.007"/>
  <system-out/>
  <testcase classname="Selenium_Script.TestNG_Group2" name="LoginGmail" time="0.001"/>
  <system-out/>
  <testcase classname="Selenium_Script.TestNG_Group2" name="ComposeMail" time="0.000"/>
  <system-out/>
</testsuite> <!-- Selenium_Script.TestNG_Group2 -->
