<?xml version="1.0" encoding="UTF-8"?>
<!-- Generated by org.testng.reporters.JUnitReportReporter -->
<testsuite hostname="Narottam_Kumar" failures="0" tests="1" name="Selenium_Script.Assertion_Script" time="11.865" errors="0" timestamp="2023-07-29T22:51:08 IST" skipped="0">
  <testcase classname="Selenium_Script.Assertion_Script" name="verifyTitle" time="11.865"/>
  <system-out/>
</testsuite> <!-- Selenium_Script.Assertion_Script -->
